Jul  4 22:19:18 DBG Finished searching Duckduckgo
Jul  4 22:19:18 DBG Finished searching Brave
Jul  4 22:19:19 DBG Finished searching Google
Jul  4 22:19:19 DBG Finished searching Bing
Jul  4 22:19:19 DBG Finished searching Startpage
Jul  4 22:21:37 DBG Finished searching Brave
Jul  4 22:21:37 DBG Finished searching Duckduckgo
Jul  4 22:21:37 DBG Finished searching Bing
Jul  4 22:21:37 DBG Finished searching Google
Jul  4 22:21:38 DBG Finished searching Startpage
Jul  4 22:22:00 DBG Finished searching Duckduckgo
Jul  4 22:22:00 DBG Finished searching Bing
Jul  4 22:22:01 DBG Finished searching Google
Jul  4 22:22:01 DBG Finished searching Brave
Jul  4 22:22:01 DBG Finished searching Startpage
Jul  4 22:28:03 DBG Finished searching Brave
Jul  4 22:28:03 DBG Finished searching Duckduckgo
Jul  4 22:28:04 DBG Finished searching Google
Jul  4 22:28:04 DBG Finished searching Bing
Jul  4 22:28:05 DBG Finished searching Startpage
Jul  4 22:30:40 INF Started searching query=Patrik
Jul  4 22:30:41 DBG Finished searching Duckduckgo
Jul  4 22:30:41 DBG Finished searching Brave
Jul  4 22:30:41 DBG Finished searching Google
Jul  4 22:30:41 DBG Finished searching Bing
Jul  4 22:30:41 DBG Finished searching Startpage
